Flow report for Exp06
Fri Oct 08 15:15:21 2021
Quartus II 64-Bit Version 13.0.1 Build 232 06/12/2013 Service Pack 1 SJ Web Edition


---------------------
; Table of Contents ;
---------------------
  1. Legal Notice
  2. Flow Summary
  3. Flow Settings
  4. Flow Non-Default Global Settings
  5. Flow Elapsed Time
  6. Flow OS Summary
  7. Flow Log
  8. Flow Messages
  9. Flow Suppressed Messages



----------------
; Legal Notice ;
----------------
Copyright (C) 1991-2013 Altera Corporation
Your use of Altera Corporation's design tools, logic functions 
and other software and tools, and its AMPP partner logic 
functions, and any output files from any of the foregoing 
(including device programming or simulation files), and any 
associated documentation or information are expressly subject 
to the terms and conditions of the Altera Program License 
Subscription Agreement, Altera MegaCore Function License 
Agreement, or other applicable license agreement, including, 
without limitation, that your use is for the sole purpose of 
programming logic devices manufactured by Altera and sold by 
Altera or its authorized distributors.  Please refer to the 
applicable agreement for further details.



+--------------------------------------------------------------------------------------+
; Flow Summary                                                                         ;
+------------------------------------+-------------------------------------------------+
; Flow Status                        ; Successful - Fri Oct 08 15:15:21 2021           ;
; Quartus II 64-Bit Version          ; 13.0.1 Build 232 06/12/2013 SP 1 SJ Web Edition ;
; Revision Name                      ; Exp06                                           ;
; Top-level Entity Name              ; topic__2_1                                      ;
; Family                             ; Cyclone II                                      ;
; Device                             ; EP2C35F672C6                                    ;
; Timing Models                      ; Final                                           ;
; Total logic elements               ; 2 / 33,216 ( < 1 % )                            ;
;     Total combinational functions  ; 2 / 33,216 ( < 1 % )                            ;
;     Dedicated logic registers      ; 0 / 33,216 ( 0 % )                              ;
; Total registers                    ; 0                                               ;
; Total pins                         ; 5 / 475 ( 1 % )                                 ;
; Total virtual pins                 ; 0                                               ;
; Total memory bits                  ; 0 / 483,840 ( 0 % )                             ;
; Embedded Multiplier 9-bit elements ; 0 / 70 ( 0 % )                                  ;
; Total PLLs                         ; 0 / 4 ( 0 % )                                   ;
+------------------------------------+-------------------------------------------------+


+-----------------------------------------+
; Flow Settings                           ;
+-------------------+---------------------+
; Option            ; Setting             ;
+-------------------+---------------------+
; Start date & time ; 10/08/2021 15:05:34 ;
; Main task         ; Compilation         ;
; Revision Name     ; Exp06               ;
+-------------------+---------------------+


+-----------------------------------------------------------------------------------------------------------------------------+
; Flow Non-Default Global Settings                                                                                            ;
+--------------------------------------+---------------------------------------+---------------+-------------+----------------+
; Assignment Name                      ; Value                                 ; Default Value ; Entity Name ; Section Id     ;
+--------------------------------------+---------------------------------------+---------------+-------------+----------------+
; COMPILER_SIGNATURE_ID                ; 110073157666084.163371633400512       ; --            ; --          ; --             ;
; EDA_DESIGN_INSTANCE_NAME             ; NA                                    ; --            ; --          ; DECOD16_TB     ;
; EDA_GENERATE_FUNCTIONAL_NETLIST      ; On                                    ; --            ; --          ; eda_simulation ;
; EDA_NATIVELINK_SIMULATION_TEST_BENCH ; DECOD16_TB                            ; --            ; --          ; eda_simulation ;
; EDA_OUTPUT_DATA_FORMAT               ; Verilog Hdl                           ; --            ; --          ; eda_simulation ;
; EDA_SIMULATION_TOOL                  ; ModelSim-Altera (Verilog)             ; <None>        ; --          ; --             ;
; EDA_TEST_BENCH_ENABLE_STATUS         ; TEST_BENCH_MODE                       ; --            ; --          ; eda_simulation ;
; EDA_TEST_BENCH_FILE                  ; DECOD16_TB.v                          ; --            ; --          ; DECOD16_TB     ;
; EDA_TEST_BENCH_MODULE_NAME           ; DECOD16_TB                            ; --            ; --          ; DECOD16_TB     ;
; EDA_TEST_BENCH_NAME                  ; DECOD16_TB                            ; --            ; --          ; eda_simulation ;
; MAX_CORE_JUNCTION_TEMP               ; 85                                    ; --            ; --          ; --             ;
; MIN_CORE_JUNCTION_TEMP               ; 0                                     ; --            ; --          ; --             ;
; PARTITION_COLOR                      ; 16764057                              ; --            ; topic__2_1  ; Top            ;
; PARTITION_FITTER_PRESERVATION_LEVEL  ; PLACEMENT_AND_ROUTING                 ; --            ; topic__2_1  ; Top            ;
; PARTITION_NETLIST_TYPE               ; SOURCE                                ; --            ; topic__2_1  ; Top            ;
; POWER_BOARD_THERMAL_MODEL            ; None (CONSERVATIVE)                   ; --            ; --          ; --             ;
; POWER_PRESET_COOLING_SOLUTION        ; 23 MM HEAT SINK WITH 200 LFPM AIRFLOW ; --            ; --          ; --             ;
; PROJECT_OUTPUT_DIRECTORY             ; output_files                          ; --            ; --          ; --             ;
; TOP_LEVEL_ENTITY                     ; topic__2_1                            ; Exp06         ; --          ; --             ;
; VERILOG_INPUT_VERSION                ; SystemVerilog_2005                    ; Verilog_2001  ; --          ; --             ;
; VERILOG_SHOW_LMF_MAPPING_MESSAGES    ; Off                                   ; --            ; --          ; --             ;
+--------------------------------------+---------------------------------------+---------------+-------------+----------------+


+-------------------------------------------------------------------------------------------------------------------------------+
; Flow Elapsed Time                                                                                                             ;
+---------------------------+--------------+-------------------------+---------------------+------------------------------------+
; Module Name               ; Elapsed Time ; Average Processors Used ; Peak Virtual Memory ; Total CPU Time (on all processors) ;
+---------------------------+--------------+-------------------------+---------------------+------------------------------------+
; Analysis & Synthesis      ; 00:00:12     ; 1.0                     ; 4582 MB             ; 00:00:01                           ;
; Fitter                    ; 00:00:08     ; 1.0                     ; 4870 MB             ; 00:00:07                           ;
; Assembler                 ; 00:00:04     ; 1.0                     ; 4555 MB             ; 00:00:03                           ;
; TimeQuest Timing Analyzer ; 00:00:06     ; 1.0                     ; 4535 MB             ; 00:00:01                           ;
; EDA Netlist Writer        ; 00:00:01     ; 1.0                     ; 4507 MB             ; 00:00:01                           ;
; EDA Netlist Writer        ; 00:00:01     ; 1.0                     ; 4514 MB             ; 00:00:01                           ;
; EDA Netlist Writer        ; 00:00:02     ; 1.0                     ; 4514 MB             ; 00:00:01                           ;
; EDA Netlist Writer        ; 00:00:01     ; 1.0                     ; 4514 MB             ; 00:00:01                           ;
; EDA Netlist Writer        ; 00:00:07     ; 1.0                     ; 4514 MB             ; 00:00:01                           ;
; Total                     ; 00:00:42     ; --                      ; --                  ; 00:00:17                           ;
+---------------------------+--------------+-------------------------+---------------------+------------------------------------+


+----------------------------------------------------------------------------------------+
; Flow OS Summary                                                                        ;
+---------------------------+------------------+-----------+------------+----------------+
; Module Name               ; Machine Hostname ; OS Name   ; OS Version ; Processor type ;
+---------------------------+------------------+-----------+------------+----------------+
; Analysis & Synthesis      ; CanesVenatici    ; Windows 7 ; 6.2        ; x86_64         ;
; Fitter                    ; CanesVenatici    ; Windows 7 ; 6.2        ; x86_64         ;
; Assembler                 ; CanesVenatici    ; Windows 7 ; 6.2        ; x86_64         ;
; TimeQuest Timing Analyzer ; CanesVenatici    ; Windows 7 ; 6.2        ; x86_64         ;
; EDA Netlist Writer        ; CanesVenatici    ; Windows 7 ; 6.2        ; x86_64         ;
; EDA Netlist Writer        ; CanesVenatici    ; Windows 7 ; 6.2        ; x86_64         ;
; EDA Netlist Writer        ; CanesVenatici    ; Windows 7 ; 6.2        ; x86_64         ;
; EDA Netlist Writer        ; CanesVenatici    ; Windows 7 ; 6.2        ; x86_64         ;
; EDA Netlist Writer        ; CanesVenatici    ; Windows 7 ; 6.2        ; x86_64         ;
+---------------------------+------------------+-----------+------------+----------------+


------------
; Flow Log ;
------------
quartus_map --read_settings_files=on --write_settings_files=off Exp06 -c Exp06
quartus_fit --read_settings_files=off --write_settings_files=off Exp06 -c Exp06
quartus_asm --read_settings_files=off --write_settings_files=off Exp06 -c Exp06
quartus_sta Exp06 -c Exp06
quartus_eda --read_settings_files=off --write_settings_files=off Exp06 -c Exp06
quartus_eda --gen_testbench --check_outputs=on --tool=modelsim_oem --format=verilog Exp06 -c Exp06 --vector_source=C:/Users/Usuário/Desktop/LCL/Trabalho/2_1_Simul.vwf --testbench_file=./simulation/qsim/Exp06.vt
quartus_eda --functional=on --simulation=on --tool=modelsim_oem --format=verilog Exp06 -c Exp06
quartus_eda --gen_testbench --check_outputs=on --tool=modelsim_oem --format=verilog Exp06 -c Exp06 --vector_source=C:/Users/Usuário/Desktop/LCL/Trabalho/2_1_Simul.vwf --testbench_file=./simulation/qsim/Exp06.vt
quartus_eda --functional=off --timescale=1ps --simulation=on --tool=modelsim_oem --format=verilog Exp06 -c Exp06



